<?xml version="1.0" encoding="UTF-8"?>
<!-- Generated by org.testng.reporters.JUnitReportReporter -->
<testsuite skipped="0" hostname="DESKTOP-NU9JGHS" name="com.bmp.Regression.CreateNewTestFunTest" tests="1" failures="0" timestamp="2020-07-24T11:57:28 IST" time="385.939" errors="0">
  <testcase name="newTestCreator" time="385.939" classname="com.bmp.Regression.CreateNewTestFunTest"/>
  <system-out>
Finding element using: id:txtEmail Finding element using: id:txtEmail Finding element using: id:txtPassword Finding element using: id:txtPassword Finding element using: id:kc-login Finding element using: xpath://button[text()='Create Test'] Finding element using: xpath://button[text()='Create Test'] Finding element using: xpath://input[@type='file'] Finding element using: xpath://input[@type='file'] Finding element using: xpath://input[@type='file'] Finding element using: xpath://input[@type='file'] Finding element using: xpath://input[@type='file'] Finding element using: id:save-test Finding element using: id:save-test Finding element using: id:testName Finding element using: id:testName Finding element using: id:save-test Finding element using: id:testName Finding element using: id:TestsMenu Finding element using: id:txtSearch Finding element using: class:name Finding element using: id:testName  </system-out>
</testsuite> <!-- com.bmp.Regression.CreateNewTestFunTest -->
