<?xml version="1.0" encoding="UTF-8"?>
<!-- Generated by org.testng.reporters.JUnitReportReporter -->
<testsuite skipped="0" hostname="DESKTOP-NU9JGHS" name="com.bmp.Regression.LoginFunctionalTest" tests="1" failures="0" timestamp="2020-07-19T09:45:00 IST" time="17.826" errors="0">
  <testcase name="loginTest" time="17.826" classname="com.bmp.Regression.LoginFunctionalTest"/>
  <system-out>
Finding element using: id:txtEmail Finding element using: id:txtEmail Finding element using: id:txtPassword Finding element using: id:txtPassword Finding element using: id:kc-login Finding element using: xpath://button[text()='Create Test']  </system-out>
</testsuite> <!-- com.bmp.Regression.LoginFunctionalTest -->
