<?xml version="1.0" encoding="UTF-8"?>
<!-- Generated by org.testng.reporters.JUnitReportReporter -->
<testsuite skipped="0" hostname="DESKTOP-NU9JGHS" name="com.bmp.Regression.RegisterFunctionalTest" tests="1" failures="0" timestamp="2020-07-19T09:46:00 IST" time="15.931" errors="0">
  <testcase name="registrationTest" time="15.931" classname="com.bmp.Regression.RegisterFunctionalTest"/>
  <system-out>
Finding element using: xpath://button[@class='signUpButton'] Finding element using: id:txtRegEmail Finding element using: id:txtRegPassword Finding element using: id:txtRegPassword Finding element using: id:txtConfirmPassword Finding element using: id:txtConfirmPassword Finding element using: id:kc-login Finding element using: link:Skip Finding element using: link:Skip Finding element using: xpath://button[text()='Create Test'] Finding element using: id:profile-div Finding element using: link:Logout Finding element using: id:txtEmail Finding element using: id:txtEmail Finding element using: id:txtPassword Finding element using: id:txtPassword Finding element using: id:kc-login Finding element using: xpath://button[text()='Create Test']  </system-out>
</testsuite> <!-- com.bmp.Regression.RegisterFunctionalTest -->
