<?xml version="1.0" encoding="UTF-8"?>
<!-- Generated by org.testng.reporters.JUnitReportReporter -->
<testsuite skipped="0" hostname="DESKTOP-NU9JGHS" name="com.bmp.Regression.FogotPassFunTest" tests="1" failures="0" timestamp="2020-07-19T09:46:51 IST" time="40.181" errors="0">
  <testcase name="forgotPass" time="40.181" classname="com.bmp.Regression.FogotPassFunTest"/>
  <system-out>
Finding element using: id:kc-login Finding element using: xpath://button[@class='signUpButton'] Finding element using: id:txtRegEmail Finding element using: id:txtRegPassword Finding element using: id:txtRegPassword Finding element using: id:txtConfirmPassword Finding element using: id:txtConfirmPassword Finding element using: id:kc-login Finding element using: link:Skip Finding element using: link:Skip Finding element using: xpath://button[text()='Create Test'] Finding element using: id:profile-div Finding element using: link:Logout Finding element using: id:txtEmail Finding element using: id:txtEmail Finding element using: id:txtPassword Finding element using: id:txtPassword Finding element using: id:kc-login Finding element using: xpath://button[text()='Create Test'] Finding element using: link:Skip Finding element using: link:Skip Finding element using: xpath://button[text()='Create Test'] Finding element using: id:profile-div Finding element using: link:Logout Finding element using: id:loginForgotPasswordlink Finding element using: id:txtEmail Finding element using: id:txtEmail Finding element using: id:kc-login Finding element using: xpath://*[@id='addOverlay'] Finding element using: xpath://*[@id='addOverlay'] Finding element using: xpath://button[@id='go-to-public'] Finding element using: xpath://a[contains(text(),'Reset password')] Finding element using: id:msg_body Finding element using: xpath://div//span//p//span Finding element using: id:txtEmail Finding element using: id:txtEmail Finding element using: id:txtPassword Finding element using: id:txtPassword Finding element using: id:kc-login Finding element using: id:txtPassword Finding element using: id:txtPassword Finding element using: id:txtConfirmPassword Finding element using: id:txtConfirmPassword Finding element using: id:kc-login Finding element using: link:Skip Finding element using: link:Skip Finding element using: xpath://button[text()='Create Test'] Finding element using: id:profile-div Finding element using: link:Logout Finding element using: id:txtEmail Finding element using: id:txtEmail Finding element using: id:txtPassword Finding element using: id:txtPassword Finding element using: id:kc-login Finding element using: xpath://button[text()='Create Test']  </system-out>
</testsuite> <!-- com.bmp.Regression.FogotPassFunTest -->
