<?xml version="1.0" encoding="UTF-8"?>
<!-- Generated by org.testng.reporters.JUnitReportReporter -->
<testsuite hostname="DESKTOP-V9K624K" failures="0" tests="1" name="com.bmp.Regression.SearchandDeleteTest" time="625.148" errors="0" timestamp="26 Aug 2020 12:13:37 GMT" skipped="0">
  <testcase classname="com.bmp.Regression.SearchandDeleteTest" name="deletedTest" time="625.148"/>
</testsuite> <!-- com.bmp.Regression.SearchandDeleteTest -->
