<?xml version="1.0" encoding="UTF-8"?>
<!-- Generated by org.testng.reporters.JUnitReportReporter -->
<testsuite hostname="DESKTOP-V9K624K" failures="0" tests="1" name="com.bmp.Regression.SearchandDeleteTest" time="227.256" errors="0" timestamp="25 Aug 2020 14:20:47 GMT" skipped="0">
  <testcase classname="com.bmp.Regression.SearchandDeleteTest" name="deletedTest" time="227.256"/>
</testsuite> <!-- com.bmp.Regression.SearchandDeleteTest -->
