<?xml version="1.0" encoding="UTF-8"?>
<!-- Generated by org.testng.reporters.JUnitReportReporter -->
<testsuite hostname="DESKTOP-V9K624K" failures="0" tests="1" name="com.bmp.Regression.DeleteTest" time="32.747" errors="0" timestamp="24 Aug 2020 14:21:05 GMT" skipped="0">
  <testcase classname="com.bmp.Regression.DeleteTest" name="DeleteTest" time="32.747"/>
</testsuite> <!-- com.bmp.Regression.DeleteTest -->
