<?xml version="1.0" encoding="UTF-8"?>
<!-- Generated by org.testng.reporters.JUnitReportReporter -->
<testsuite skipped="0" hostname="DESKTOP-NU9JGHS" name="com.bmp.Regression.DuplicateFunTest" tests="1" failures="0" timestamp="2020-07-24T14:49:45 IST" time="37.416" errors="0">
  <testcase name="DuplicateTesting" time="37.416" classname="com.bmp.Regression.DuplicateFunTest"/>
  <system-out>
Finding element using: id:txtEmail Finding element using: id:txtEmail Finding element using: id:txtPassword Finding element using: id:txtPassword Finding element using: id:kc-login Finding element using: xpath://button[text()='Create Test'] Finding element using: xpath://button[text()='Create Test'] Finding element using: xpath://input[@type='file'] Finding element using: xpath://input[@type='file'] Finding element using: xpath://input[@type='file'] Finding element using: id:save-test Finding element using: id:testName Finding element using: id:TestsMenu Finding element using: id:txtSearch Finding element using: id:test-actions-dropdown-toggle Finding element using: xpath://a/span[contains(text(),'Duplicate Test')] Finding element using: id:TestsMenu Finding element using: id:txtSearch Finding element using: class:name Finding element using: id:testName  </system-out>
</testsuite> <!-- com.bmp.Regression.DuplicateFunTest -->
