<?xml version="1.0" encoding="UTF-8"?>
<!-- Generated by org.testng.reporters.JUnitReportReporter -->
<testsuite hostname="DESKTOP-V9K624K" failures="0" tests="1" name="com.bmp.Regression.ShowAllReoprtsTest" time="19.604" errors="0" timestamp="02 Sep 2020 10:59:07 GMT" skipped="0">
  <testcase classname="com.bmp.Regression.ShowAllReoprtsTest" name="showAllReoprtsTest" time="19.604"/>
</testsuite> <!-- com.bmp.Regression.ShowAllReoprtsTest -->
