<?xml version="1.0" encoding="UTF-8"?>
<!-- Generated by org.testng.reporters.JUnitReportReporter -->
<testsuite hostname="DESKTOP-V9K624K" failures="0" tests="1" name="com.bmp.Regression.CreateNewTestFunTest" time="231.928" errors="0" timestamp="25 Aug 2020 09:30:16 GMT" skipped="0">
  <testcase classname="com.bmp.Regression.CreateNewTestFunTest" name="newTestCreator" time="231.928"/>
</testsuite> <!-- com.bmp.Regression.CreateNewTestFunTest -->
