<?xml version="1.0" encoding="UTF-8"?>
<!-- Generated by org.testng.reporters.JUnitReportReporter -->
<testsuite hostname="DESKTOP-V9K624K" failures="0" tests="1" name="com.bmp.Regression.ScheduleTest" time="160.334" errors="0" timestamp="02 Sep 2020 13:19:20 GMT" skipped="0">
  <testcase classname="com.bmp.Regression.ScheduleTest" name="scheduleTest" time="160.334"/>
</testsuite> <!-- com.bmp.Regression.ScheduleTest -->
