<?xml version="1.0" encoding="UTF-8"?>
<!-- Generated by org.testng.reporters.JUnitReportReporter -->
<testsuite hostname="DESKTOP-V9K624K" failures="0" tests="1" name="com.bmp.Regression.DeleteTestSuiteTest" time="268.501" errors="0" timestamp="31 Aug 2020 09:37:26 GMT" skipped="0">
  <testcase classname="com.bmp.Regression.DeleteTestSuiteTest" name="deleteTestSuite" time="268.501"/>
</testsuite> <!-- com.bmp.Regression.DeleteTestSuiteTest -->
